[NX Daemon Server] - 2024-01-19T08:49:32.684Z - Started listening on: \\.\pipe\nx\C:\Users\OLORUN~1\AppData\Local\Temp\0a7923c0b3b65f35fadb\d.sock
[NX Daemon Server] - 2024-01-19T08:49:32.691Z - [WATCHER]: Subscribed to changes within: C:\Users\Olorunfemi\Desktop\angularProjects\shopperz (native)
[NX Daemon Server] - 2024-01-19T08:49:32.694Z - Established a connection. Number of open connections: 1
[NX Daemon Server] - 2024-01-19T08:49:32.698Z - Closed a connection. Number of open connections: 0
[NX Daemon Server] - 2024-01-19T08:49:32.698Z - Established a connection. Number of open connections: 1
[NX Daemon Server] - 2024-01-19T08:49:32.701Z - [REQUEST]: Client Request for Project Graph Received
[NX Daemon Server] - 2024-01-19T08:49:32.708Z - [REQUEST]: Updated workspace context based on watched changes, recomputing project graph...
[NX Daemon Server] - 2024-01-19T08:49:32.709Z - [REQUEST]: 
[NX Daemon Server] - 2024-01-19T08:49:32.709Z - [REQUEST]: 
[NX Daemon Server] - 2024-01-19T08:49:32.854Z - [REQUEST]: Responding to the client. project-graph
[NX Daemon Server] - 2024-01-19T08:49:32.856Z - Time taken for 'total for creating and serializing project graph' 153.14810001850128ms
[NX Daemon Server] - 2024-01-19T08:49:32.857Z - Done responding to the client project-graph
[NX Daemon Server] - 2024-01-19T08:49:32.858Z - Handled REQUEST_PROJECT_GRAPH. Handling time: 154. Response time: 4.
[NX Daemon Server] - 2024-01-19T08:49:37.821Z - Closed a connection. Number of open connections: 0
[NX Daemon Server] - 2024-01-19T08:57:46.507Z - Established a connection. Number of open connections: 1
[NX Daemon Server] - 2024-01-19T08:57:46.507Z - Closed a connection. Number of open connections: 0
[NX Daemon Server] - 2024-01-19T08:57:46.508Z - Established a connection. Number of open connections: 1
[NX Daemon Server] - 2024-01-19T08:57:46.512Z - [REQUEST]: Client Request for Project Graph Received
[NX Daemon Server] - 2024-01-19T08:57:46.513Z - [REQUEST]: Responding to the client. project-graph
[NX Daemon Server] - 2024-01-19T08:57:46.515Z - Time taken for 'total for creating and serializing project graph' 0.6983000040054321ms
[NX Daemon Server] - 2024-01-19T08:57:46.517Z - Done responding to the client project-graph
[NX Daemon Server] - 2024-01-19T08:57:46.518Z - Handled REQUEST_PROJECT_GRAPH. Handling time: 1. Response time: 4.
[NX Daemon Server] - 2024-01-19T08:57:53.142Z - Closed a connection. Number of open connections: 0
[NX Daemon Server] - 2024-01-19T08:58:42.238Z - Established a connection. Number of open connections: 1
[NX Daemon Server] - 2024-01-19T08:58:42.239Z - Closed a connection. Number of open connections: 0
[NX Daemon Server] - 2024-01-19T08:58:42.240Z - Established a connection. Number of open connections: 1
[NX Daemon Server] - 2024-01-19T08:58:42.244Z - [REQUEST]: Client Request for Project Graph Received
[NX Daemon Server] - 2024-01-19T08:58:42.244Z - [REQUEST]: Responding to the client. project-graph
[NX Daemon Server] - 2024-01-19T08:58:42.246Z - Time taken for 'total for creating and serializing project graph' 0.3895000219345093ms
[NX Daemon Server] - 2024-01-19T08:58:42.248Z - Done responding to the client project-graph
[NX Daemon Server] - 2024-01-19T08:58:42.248Z - Handled REQUEST_PROJECT_GRAPH. Handling time: 0. Response time: 4.
[NX Daemon Server] - 2024-01-19T08:58:45.116Z - Closed a connection. Number of open connections: 0
[NX Daemon Server] - 2024-01-19T08:59:16.411Z - Established a connection. Number of open connections: 1
[NX Daemon Server] - 2024-01-19T08:59:16.411Z - Closed a connection. Number of open connections: 0
[NX Daemon Server] - 2024-01-19T08:59:16.412Z - Established a connection. Number of open connections: 1
[NX Daemon Server] - 2024-01-19T08:59:16.416Z - [REQUEST]: Client Request for Project Graph Received
[NX Daemon Server] - 2024-01-19T08:59:16.416Z - [REQUEST]: Responding to the client. project-graph
[NX Daemon Server] - 2024-01-19T08:59:16.419Z - Time taken for 'total for creating and serializing project graph' 0.3665999174118042ms
[NX Daemon Server] - 2024-01-19T08:59:16.420Z - Done responding to the client project-graph
[NX Daemon Server] - 2024-01-19T08:59:16.420Z - Handled REQUEST_PROJECT_GRAPH. Handling time: 0. Response time: 4.
[NX Daemon Server] - 2024-01-19T08:59:20.079Z - [WATCHER]: Processing file changes in outputs
[NX Daemon Server] - 2024-01-19T08:59:20.086Z - [WATCHER]: 14 file(s) created or restored, 6 file(s) modified, 0 file(s) deleted
[NX Daemon Server] - 2024-01-19T08:59:20.088Z - [WATCHER]: Stopping the watcher for C:\Users\Olorunfemi\Desktop\angularProjects\shopperz (sources)
[NX Daemon Server] - 2024-01-19T08:59:20.088Z - [WATCHER]: Stopping the watcher for C:\Users\Olorunfemi\Desktop\angularProjects\shopperz (outputs)
[NX Daemon Server] - 2024-01-19T08:59:20.088Z - Server stopped because: "Stopping the daemon the set of ignored files changed (native)"
[NX Daemon Server] - 2024-01-19T09:48:29.640Z - Started listening on: \\.\pipe\nx\C:\Users\OLORUN~1\AppData\Local\Temp\0a7923c0b3b65f35fadb\d.sock
[NX Daemon Server] - 2024-01-19T09:48:29.656Z - [WATCHER]: Subscribed to changes within: C:\Users\Olorunfemi\Desktop\angularProjects\shopperz (native)
[NX Daemon Server] - 2024-01-19T09:48:29.662Z - Established a connection. Number of open connections: 1
[NX Daemon Server] - 2024-01-19T09:48:29.679Z - Closed a connection. Number of open connections: 0
[NX Daemon Server] - 2024-01-19T09:48:29.680Z - Established a connection. Number of open connections: 1
[NX Daemon Server] - 2024-01-19T09:48:29.690Z - [REQUEST]: Client Request for Project Graph Received
[NX Daemon Server] - 2024-01-19T09:48:30.898Z - [REQUEST]: Updated workspace context based on watched changes, recomputing project graph...
[NX Daemon Server] - 2024-01-19T09:48:30.899Z - [REQUEST]: 
[NX Daemon Server] - 2024-01-19T09:48:30.899Z - [REQUEST]: 
[NX Daemon Server] - 2024-01-19T09:48:32.081Z - [REQUEST]: Responding to the client. project-graph
[NX Daemon Server] - 2024-01-19T09:48:32.085Z - Time taken for 'total for creating and serializing project graph' 2390.846899986267ms
[NX Daemon Server] - 2024-01-19T09:48:32.086Z - Done responding to the client project-graph
[NX Daemon Server] - 2024-01-19T09:48:32.086Z - Handled REQUEST_PROJECT_GRAPH. Handling time: 2392. Response time: 5.
[NX Daemon Server] - 2024-01-19T09:48:52.883Z - Closed a connection. Number of open connections: 0
[NX Daemon Server] - 2024-01-19T09:48:52.922Z - [WATCHER]: 10 file(s) created or restored, 1 file(s) modified, 0 file(s) deleted
[NX Daemon Server] - 2024-01-19T09:48:52.923Z - [WATCHER]: Processing file changes in outputs
[NX Daemon Server] - 2024-01-19T09:48:53.037Z - [REQUEST]: Updated workspace context based on watched changes, recomputing project graph...
[NX Daemon Server] - 2024-01-19T09:48:53.038Z - [REQUEST]: libs/admin-shared/src/lib/admin-shared.module.ts,libs/admin-shared/.eslintrc.json,libs/admin-shared/jest.config.ts,libs/admin-shared/tsconfig.spec.json,libs/admin-shared/project.json,libs/admin-shared/tsconfig.lib.json,libs/admin-shared/src/test-setup.ts,libs/admin-shared/src/index.ts,libs/admin-shared/tsconfig.json,libs/admin-shared/README.md,tsconfig.base.json
[NX Daemon Server] - 2024-01-19T09:48:53.038Z - [REQUEST]: 
[NX Daemon Server] - 2024-01-19T09:48:53.491Z - Time taken for 'hash changed files from watcher' 4.443899989128113ms
[NX Daemon Server] - 2024-01-19T09:49:32.130Z - [WATCHER]: 9 file(s) created or restored, 0 file(s) modified, 0 file(s) deleted
[NX Daemon Server] - 2024-01-19T09:49:32.133Z - [WATCHER]: Processing file changes in outputs
[NX Daemon Server] - 2024-01-19T09:49:32.182Z - [WATCHER]: Processing file changes in outputs
[NX Daemon Server] - 2024-01-19T09:49:32.186Z - [WATCHER]: 10 file(s) created or restored, 0 file(s) modified, 0 file(s) deleted
[NX Daemon Server] - 2024-01-19T09:49:32.326Z - [REQUEST]: Updated workspace context based on watched changes, recomputing project graph...
[NX Daemon Server] - 2024-01-19T09:49:32.326Z - [REQUEST]: libs/admin-shared/src/lib/components/admin-header/admin-header.component.scss,libs/admin-shared/src/lib/components/admin-header/admin-header.component.ts,libs/admin-shared/src/lib/components/empty-items/empty-items.component.scss,libs/admin-shared/src/lib/components/admin-header/admin-header.component.html,libs/admin-shared/src/lib/components/empty-items/empty-items.component.ts,libs/admin-shared/src/lib/components/empty-items/empty-items.component.html,libs/admin-shared/src/lib/components/file-upload/file-upload.component.scss,libs/admin-shared/src/lib/components/file-upload/file-upload.component.ts,libs/admin-shared/src/lib/components/file-upload/file-upload.component.html,libs/admin-shared/src/lib/components/page-head/page-head.component.html,libs/admin-shared/src/lib/components/layout/layout.component.html,libs/admin-shared/src/lib/components/page-head/page-head.component.scss,libs/admin-shared/src/lib/components/page-head/page-head.component.ts,libs/admin-shared/src/lib/components/pagination-parent/pagination-parent.component.html,libs/admin-shared/src/lib/components/pagination-parent/pagination-parent.component.scss,libs/admin-shared/src/lib/components/pagination-parent/pagination-parent.component.ts,libs/admin-shared/src/lib/components/sidemenu/sidemenu.component.html,libs/admin-shared/src/lib/components/layout/layout.component.scss,libs/admin-shared/src/lib/components/layout/layout.component.ts
[NX Daemon Server] - 2024-01-19T09:49:32.326Z - [REQUEST]: 
[NX Daemon Server] - 2024-01-19T09:49:33.006Z - [WATCHER]: 2 file(s) created or restored, 1 file(s) modified, 0 file(s) deleted
[NX Daemon Server] - 2024-01-19T09:49:33.007Z - [WATCHER]: Processing file changes in outputs
[NX Daemon Server] - 2024-01-19T09:49:33.008Z - Time taken for 'hash changed files from watcher' 91.39320003986359ms
[NX Daemon Server] - 2024-01-19T09:49:33.146Z - [REQUEST]: Updated workspace context based on watched changes, recomputing project graph...
[NX Daemon Server] - 2024-01-19T09:49:33.146Z - [REQUEST]: libs/admin-shared/src/lib/components/sidemenu/sidemenu.component.scss,libs/admin-shared/src/lib/components/sidemenu/sidemenu.component.ts,libs/admin-shared/src/lib/components/sidemenu/sidemenu.component.html
[NX Daemon Server] - 2024-01-19T09:49:33.146Z - [REQUEST]: 
[NX Daemon Server] - 2024-01-19T09:49:33.546Z - Time taken for 'hash changed files from watcher' 38.906999945640564ms
[NX Daemon Server] - 2024-01-19T09:50:20.963Z - [WATCHER]: Processing file changes in outputs
[NX Daemon Server] - 2024-01-19T09:50:20.968Z - [WATCHER]: 0 file(s) created or restored, 0 file(s) modified, 51 file(s) deleted
[NX Daemon Server] - 2024-01-19T09:50:21.015Z - [WATCHER]: Processing file changes in outputs
[NX Daemon Server] - 2024-01-19T09:50:21.023Z - [WATCHER]: 0 file(s) created or restored, 0 file(s) modified, 92 file(s) deleted
[NX Daemon Server] - 2024-01-19T09:50:21.190Z - [REQUEST]: Updated workspace context based on watched changes, recomputing project graph...
[NX Daemon Server] - 2024-01-19T09:50:21.191Z - [REQUEST]: 
[NX Daemon Server] - 2024-01-19T09:50:21.191Z - [REQUEST]: apps/shopperz/src/app/administrator/pages/product-specifications/product-specifications.component.ts,apps/shopperz/src/app/administrator/pages/orders/orders.component.html,apps/shopperz/src/app/administrator/pages/notifications-listing/notifications-listing.component.ts,apps/shopperz/src/app/administrator/pages/order-details/order-details.component.scss,apps/shopperz/src/app/administrator/pages/manage-admin/manage-admin.component.ts,apps/shopperz/src/app/administrator/pages/general-settings/general-settings.component.ts,apps/shopperz/src/app/administrator/pages/categories/categories.component.ts,apps/shopperz/src/app/administrator/pages/customers/customers.component.scss,apps/shopperz/src/app/administrator/pages/order-details/order-details.component.ts,apps/shopperz/src/app/administrator/pages/admin-details/admin-details.component.scss,apps/shopperz/src/app/administrator/pages/notifications-listing/notifications-listing.component.html,apps/shopperz/src/app/administrator/pages/product-details/product-details.component.ts,apps/shopperz/src/app/administrator/pages/admin-details/admin-details.component.html,apps/shopperz/src/app/administrator/pages/products/products.component.html,apps/shopperz/src/app/administrator/pages/general-settings/general-settings.component.html,apps/shopperz/src/app/administrator/pages/coupon/coupon.component.scss,apps/shopperz/src/app/administrator/pages/dashboard/dashboard.component.html,apps/shopperz/src/app/administrator/pages/admin-details/admin-details.component.ts,apps/shopperz/src/app/administrator/pages/notification-manager/notification-manager.component.scss,apps/shopperz/src/app/administrator/pages/dashboard/dashboard.component.ts,apps/shopperz/src/app/administrator/pages/acc-settings/acc-settings.component.html,apps/shopperz/src/app/administrator/pages/acc-settings/acc-settings.component.ts,apps/shopperz/src/app/administrator/pages/customers/customers.component.ts,apps/shopperz/src/app/administrator/pages/dashboard/dashboard.component.scss,apps/shopperz/src/app/administrator/administrator-routing.module.ts,apps/shopperz/src/app/administrator/admin-shared/admin-shared.module.ts,apps/shopperz/src/app/administrator/pages/general-settings/general-settings.component.scss,apps/shopperz/src/app/administrator/pages/customers/customers.component.html,apps/shopperz/src/app/administrator/pages/notification-details/notification-details.component.ts,apps/shopperz/src/app/administrator/administrator.module.ts,apps/shopperz/src/app/administrator/pages/coupon/coupon.component.ts,apps/shopperz/src/app/administrator/pages/notification-manager/notification-manager.component.html,apps/shopperz/src/app/administrator/pages/manage-admin/manage-admin.component.scss,apps/shopperz/src/app/administrator/pages/coupon/coupon.component.html,apps/shopperz/src/app/administrator/pages/orders/orders.component.scss,apps/shopperz/src/app/administrator/pages/order-details/order-details.component.html,apps/shopperz/src/app/administrator/pages/notifications-listing/notifications-listing.component.scss,apps/shopperz/src/app/administrator/pages/product-details/product-details.component.html,apps/shopperz/src/app/administrator/pages/orders/orders.component.ts,apps/shopperz/src/app/administrator/pages/categories/categories.component.scss,apps/shopperz/src/app/administrator/pages/acc-settings/acc-settings.component.scss,apps/shopperz/src/app/administrator/pages/categories/categories.component.html,apps/shopperz/src/app/administrator/pages/product-specifications/product-specifications.component.html,apps/shopperz/src/app/administrator/pages/manage-admin/manage-admin.component.html,apps/shopperz/src/app/administrator/pages/notification-details/notification-details.component.html,apps/shopperz/src/app/administrator/pages/notification-details/notification-details.component.scss,apps/shopperz/src/app/administrator/pages/notification-manager/notification-manager.component.ts,apps/shopperz/src/app/administrator/pages/products/products.component.ts,apps/shopperz/src/app/administrator/pages/products/products.component.scss,apps/shopperz/src/app/administrator/pages/product-details/product-details.component.scss,apps/shopperz/src/app/administrator/pages/product-specifications/product-specifications.component.scss,apps/shopperz/src/app/administrator/admin-shared/components/layout/layout.component.scss,apps/shopperz/src/app/administrator/admin-shared/components/layout/layout.component.html,apps/shopperz/src/app/administrator/pages/customers,apps/shopperz/src/app/administrator/pages/acc-settings,apps/shopperz/src/app/administrator/pages/stores/stores.component.scss,apps/shopperz/src/app/administrator/pages/general-settings/image-upload/image-upload.component.scss,apps/shopperz/src/app/administrator/pages/general-settings/banners/banners.component.scss,apps/shopperz/src/app/administrator/admin-shared/components/admin-header/admin-header.component.scss,apps/shopperz/src/app/administrator/pages/stores,apps/shopperz/src/app/administrator/admin-shared/components/sidemenu/sidemenu.component.html,apps/shopperz/src/app/administrator/pages/products,apps/shopperz/src/app/administrator/pages/coupon,apps/shopperz/src/app/administrator/pages/general-settings/company-info/company-info.component.scss,apps/shopperz/src/app/administrator/admin-shared/components/file-upload/file-upload.component.scss,apps/shopperz/src/app/administrator/admin-shared/components/empty-items/empty-items.component.scss,apps/shopperz/src/app/administrator/pages/categories,apps/shopperz/src/app/administrator/pages/general-settings/app-settings/app-settings.component.scss,apps/shopperz/src/app/administrator/pages/acc-settings/password/password.component.html,apps/shopperz/src/app/administrator/pages/user-notifications-details/user-notifications-details.component.html,apps/shopperz/src/app/administrator/pages/acc-settings/password,apps/shopperz/src/app/administrator/pages/product-details,apps/shopperz/src/app/administrator/pages/stores/stores.component.html,apps/shopperz/src/app/administrator/admin-shared/components/admin-header,apps/shopperz/src/app/administrator/admin-shared/components/file-upload,apps/shopperz/src/app/administrator/pages/products-form/products-form.component.html,apps/shopperz/src/app/administrator/admin-shared/components/layout,apps/shopperz/src/app/administrator/pages/manage-admin,apps/shopperz/src/app/administrator/pages/sales-promo/sales-promo.component.ts,apps/shopperz/src/app/administrator/pages/products-form/products-form.component.ts,apps/shopperz/src/app/administrator/pages/stores/stores.component.ts,apps/shopperz/src/app/administrator/pages/general-settings/app-settings/app-settings.component.html,apps/shopperz/src/app/administrator/pages/general-settings/customization,apps/shopperz/src/app/administrator/pages/user-notifications-details,apps/shopperz/src/app/administrator/pages/user-notifications-details/user-notifications-details.component.scss,apps/shopperz/src/app/administrator/admin-shared/components/pagination-parent/pagination-parent.component.html,apps/shopperz/src/app/administrator/pages/product-specifications,apps/shopperz/src/app/administrator/admin-shared/components/sidemenu/sidemenu.component.ts,apps/shopperz/src/app/administrator/pages/acc-settings/profile/profile.component.scss,apps/shopperz/src/app/administrator/pages/user-notifications-details/user-notifications-details.component.ts,apps/shopperz/src/app/administrator/pages/general-settings/image-upload/image-upload.component.ts,apps/shopperz/src/app/administrator/admin-shared/components/pagination-parent/pagination-parent.component.ts,apps/shopperz/src/app/administrator/pages/products-form/products-form.component.scss,apps/shopperz/src/app/administrator/pages/products-form,apps/shopperz/src/app/administrator/pages/general-settings/app-settings/app-settings.component.ts,apps/shopperz/src/app/administrator/pages/order-details,apps/shopperz/src/app/administrator/pages/general-settings/company-info/company-info.component.html,apps/shopperz/src/app/administrator/pages/general-settings/banners/banners.component.html,apps/shopperz/src/app/administrator/admin-shared/components/page-head/page-head.component.ts,apps/shopperz/src/app/administrator/pages,apps/shopperz/src/app/administrator/admin-shared/components/empty-items,apps/shopperz/src/app/administrator/pages/general-settings/banners,apps/shopperz/src/app/administrator/admin-shared,apps/shopperz/src/app/administrator/admin-shared/components/file-upload/file-upload.component.html,apps/shopperz/src/app/administrator/admin-shared/components/file-upload/file-upload.component.ts,apps/shopperz/src/app/administrator/pages/notifications-listing,apps/shopperz/src/app/administrator/admin-shared/components/sidemenu,apps/shopperz/src/app/administrator/admin-shared/components/sidemenu/sidemenu.component.scss,apps/shopperz/src/app/administrator/pages/orders,apps/shopperz/src/app/administrator/pages/acc-settings/password/password.component.ts,apps/shopperz/src/app/administrator/pages/acc-settings/profile/profile.component.ts,apps/shopperz/src/app/administrator/admin-shared/components/admin-header/admin-header.component.html,apps/shopperz/src/app/administrator/pages/general-settings/banners/banners.component.ts,apps/shopperz/src/app/administrator/admin-shared/components/page-head/page-head.component.html,apps/shopperz/src/app/administrator/pages/general-settings/customization/customization.component.scss,apps/shopperz/src/app/administrator/pages/general-settings/customization/customization.component.html,apps/shopperz/src/app/administrator/pages/sales-promo/sales-promo.component.scss,apps/shopperz/src/app/administrator/pages/sales-promo/sales-promo.component.html,apps/shopperz/src/app/administrator/admin-shared/components,apps/shopperz/src/app/administrator/pages/general-settings/image-upload/image-upload.component.html,apps/shopperz/src/app/administrator/pages/general-settings/app-settings,apps/shopperz/src/app/administrator/pages/acc-settings/profile/profile.component.html,apps/shopperz/src/app/administrator/pages/general-settings/image-upload,apps/shopperz/src/app/administrator/pages/notification-manager,apps/shopperz/src/app/administrator/pages/acc-settings/profile,apps/shopperz/src/app/administrator/admin-shared/components/page-head/page-head.component.scss,apps/shopperz/src/app/administrator/pages/admin-details,apps/shopperz/src/app/administrator/admin-shared/components/empty-items/empty-items.component.ts,apps/shopperz/src/app/administrator/pages/general-settings/company-info,apps/shopperz/src/app/administrator/pages/sales-promo,apps/shopperz/src/app/administrator/admin-shared/components/pagination-parent/pagination-parent.component.scss,apps/shopperz/src/app/administrator/admin-shared/components/empty-items/empty-items.component.html,apps/shopperz/src/app/administrator/pages/dashboard,apps/shopperz/src/app/administrator/pages/notification-details,apps/shopperz/src/app/administrator/admin-shared/components/admin-header/admin-header.component.ts,apps/shopperz/src/app/administrator/pages/general-settings,apps/shopperz/src/app/administrator,apps/shopperz/src/app/administrator/pages/acc-settings/password/password.component.scss,apps/shopperz/src/app/administrator/admin-shared/components/pagination-parent,apps/shopperz/src/app/administrator/admin-shared/components/layout/layout.component.ts,apps/shopperz/src/app/administrator/pages/general-settings/company-info/company-info.component.ts,apps/shopperz/src/app/administrator/admin-shared/components/page-head,apps/shopperz/src/app/administrator/pages/general-settings/customization/customization.component.ts
[NX Daemon Server] - 2024-01-19T09:50:21.429Z - Time taken for 'hash changed files from watcher' 4.946900010108948ms
[NX Daemon Server] - 2024-01-19T09:52:22.242Z - [WATCHER]: apps/shopperz/src/app/acc-settings was deleted
[NX Daemon Server] - 2024-01-19T09:52:22.243Z - [WATCHER]: Processing file changes in outputs
[NX Daemon Server] - 2024-01-19T09:52:22.334Z - [WATCHER]: 0 file(s) created or restored, 0 file(s) modified, 2 file(s) deleted
[NX Daemon Server] - 2024-01-19T09:52:22.334Z - [WATCHER]: Processing file changes in outputs
[NX Daemon Server] - 2024-01-19T09:52:22.420Z - [WATCHER]: Processing file changes in outputs
[NX Daemon Server] - 2024-01-19T09:52:22.423Z - [WATCHER]: 0 file(s) created or restored, 0 file(s) modified, 2 file(s) deleted
[NX Daemon Server] - 2024-01-19T09:52:22.532Z - [WATCHER]: 0 file(s) created or restored, 0 file(s) modified, 2 file(s) deleted
[NX Daemon Server] - 2024-01-19T09:52:22.532Z - [WATCHER]: Processing file changes in outputs
[NX Daemon Server] - 2024-01-19T09:52:22.658Z - [REQUEST]: Updated workspace context based on watched changes, recomputing project graph...
[NX Daemon Server] - 2024-01-19T09:52:22.658Z - [REQUEST]: 
[NX Daemon Server] - 2024-01-19T09:52:22.658Z - [REQUEST]: apps/shopperz/src/app/acc-settings,apps/shopperz/src/app/admin-details,apps/shopperz/src/app/categories,apps/shopperz/src/app/customers,apps/shopperz/src/app/coupon,apps/shopperz/src/app/dashboard,apps/shopperz/src/app/general-settings
[NX Daemon Server] - 2024-01-19T09:52:22.766Z - [WATCHER]: apps/shopperz/src/app/login was deleted
[NX Daemon Server] - 2024-01-19T09:52:22.769Z - [WATCHER]: apps/shopperz/src/app/manage-admin was deleted
[NX Daemon Server] - 2024-01-19T09:52:22.769Z - [WATCHER]: Processing file changes in outputs
[NX Daemon Server] - 2024-01-19T09:52:22.769Z - Time taken for 'hash changed files from watcher' 1.1233999729156494ms
[NX Daemon Server] - 2024-01-19T09:52:22.773Z - [WATCHER]: Processing file changes in outputs
[NX Daemon Server] - 2024-01-19T09:52:22.776Z - [WATCHER]: 0 file(s) created or restored, 0 file(s) modified, 2 file(s) deleted
[NX Daemon Server] - 2024-01-19T09:52:22.868Z - [WATCHER]: Processing file changes in outputs
[NX Daemon Server] - 2024-01-19T09:52:22.871Z - [WATCHER]: 0 file(s) created or restored, 0 file(s) modified, 2 file(s) deleted
[NX Daemon Server] - 2024-01-19T09:52:22.968Z - [WATCHER]: Processing file changes in outputs
[NX Daemon Server] - 2024-01-19T09:52:22.971Z - [WATCHER]: 0 file(s) created or restored, 0 file(s) modified, 2 file(s) deleted
[NX Daemon Server] - 2024-01-19T09:52:23.092Z - [WATCHER]: apps/shopperz/src/app/product-specifications was deleted
[NX Daemon Server] - 2024-01-19T09:52:23.092Z - [WATCHER]: Processing file changes in outputs
[NX Daemon Server] - 2024-01-19T09:52:23.186Z - [WATCHER]: Processing file changes in outputs
[NX Daemon Server] - 2024-01-19T09:52:23.190Z - [WATCHER]: apps/shopperz/src/app/products was deleted
[NX Daemon Server] - 2024-01-19T09:52:23.254Z - [WATCHER]: apps/shopperz/src/app/products-form was deleted
[NX Daemon Server] - 2024-01-19T09:52:23.255Z - [WATCHER]: Processing file changes in outputs
[NX Daemon Server] - 2024-01-19T09:52:23.336Z - [WATCHER]: apps/shopperz/src/app/sales-promo was deleted
[NX Daemon Server] - 2024-01-19T09:52:23.336Z - [WATCHER]: Processing file changes in outputs
[NX Daemon Server] - 2024-01-19T09:52:23.579Z - [REQUEST]: Updated workspace context based on watched changes, recomputing project graph...
[NX Daemon Server] - 2024-01-19T09:52:23.579Z - [REQUEST]: 
[NX Daemon Server] - 2024-01-19T09:52:23.579Z - [REQUEST]: apps/shopperz/src/app/login,apps/shopperz/src/app/manage-admin,apps/shopperz/src/app/notification-details,apps/shopperz/src/app/notification-manager,apps/shopperz/src/app/notifications-listing,apps/shopperz/src/app/order-details,apps/shopperz/src/app/product-details,apps/shopperz/src/app/orders,apps/shopperz/src/app/product-specifications,apps/shopperz/src/app/products,apps/shopperz/src/app/products-form,apps/shopperz/src/app/sales-promo
[NX Daemon Server] - 2024-01-19T09:52:23.767Z - Time taken for 'hash changed files from watcher' 1.3507000207901ms
[NX Daemon Server] - 2024-01-19T09:53:05.611Z - [WATCHER]: apps/shopperz/src/app/stores was deleted
[NX Daemon Server] - 2024-01-19T09:53:05.613Z - [WATCHER]: Processing file changes in outputs
[NX Daemon Server] - 2024-01-19T09:53:05.764Z - [WATCHER]: Processing file changes in outputs
[NX Daemon Server] - 2024-01-19T09:53:05.767Z - [WATCHER]: apps/shopperz/src/app/user-notifications-details was deleted
[NX Daemon Server] - 2024-01-19T09:53:06.439Z - [WATCHER]: apps/shopperz/src/app/shared was deleted
[NX Daemon Server] - 2024-01-19T09:53:06.439Z - [WATCHER]: Processing file changes in outputs
[NX Daemon Server] - 2024-01-19T09:53:07.230Z - [REQUEST]: Updated workspace context based on watched changes, recomputing project graph...
[NX Daemon Server] - 2024-01-19T09:53:07.230Z - [REQUEST]: 
[NX Daemon Server] - 2024-01-19T09:53:07.230Z - [REQUEST]: apps/shopperz/src/app/stores,apps/shopperz/src/app/user-notifications-details,apps/shopperz/src/app/shared
[NX Daemon Server] - 2024-01-19T09:53:07.598Z - Time taken for 'hash changed files from watcher' 3.146799921989441ms
[NX Daemon Server] - 2024-01-19T09:53:20.433Z - [WATCHER]: Processing file changes in outputs
[NX Daemon Server] - 2024-01-19T09:53:20.439Z - [WATCHER]: apps/shopperz/src/app/pages/shared was deleted
[NX Daemon Server] - 2024-01-19T09:53:23.659Z - [REQUEST]: Updated workspace context based on watched changes, recomputing project graph...
[NX Daemon Server] - 2024-01-19T09:53:23.659Z - [REQUEST]: 
[NX Daemon Server] - 2024-01-19T09:53:23.659Z - [REQUEST]: apps/shopperz/src/app/pages/shared
[NX Daemon Server] - 2024-01-19T09:53:23.853Z - Time taken for 'hash changed files from watcher' 1.2384999990463257ms
[NX Daemon Server] - 2024-01-19T09:54:38.318Z - [WATCHER]: Processing file changes in outputs
[NX Daemon Server] - 2024-01-19T09:54:38.324Z - [WATCHER]: apps/shopperz/src/app/pages/stores was deleted
[NX Daemon Server] - 2024-01-19T09:54:38.383Z - [WATCHER]: apps/shopperz/src/app/pages/user-notifications-details was deleted
[NX Daemon Server] - 2024-01-19T09:54:38.383Z - [WATCHER]: Processing file changes in outputs
[NX Daemon Server] - 2024-01-19T09:54:44.741Z - [REQUEST]: Updated workspace context based on watched changes, recomputing project graph...
[NX Daemon Server] - 2024-01-19T09:54:44.741Z - [REQUEST]: 
[NX Daemon Server] - 2024-01-19T09:54:44.741Z - [REQUEST]: apps/shopperz/src/app/pages/stores,apps/shopperz/src/app/pages/user-notifications-details
[NX Daemon Server] - 2024-01-19T09:54:44.949Z - Time taken for 'hash changed files from watcher' 2.315899968147278ms
[NX Daemon Server] - 2024-01-19T09:54:50.001Z - [WATCHER]: Processing file changes in outputs
[NX Daemon Server] - 2024-01-19T09:54:50.006Z - [WATCHER]: apps/shopperz/src/app/stores was deleted
[NX Daemon Server] - 2024-01-19T09:54:50.100Z - [WATCHER]: Processing file changes in outputs
[NX Daemon Server] - 2024-01-19T09:54:50.105Z - [WATCHER]: apps/shopperz/src/app/user-notifications-details was deleted
[NX Daemon Server] - 2024-01-19T09:54:56.425Z - [REQUEST]: Updated workspace context based on watched changes, recomputing project graph...
[NX Daemon Server] - 2024-01-19T09:54:56.425Z - [REQUEST]: 
[NX Daemon Server] - 2024-01-19T09:54:56.425Z - [REQUEST]: apps/shopperz/src/app/stores,apps/shopperz/src/app/user-notifications-details
[NX Daemon Server] - 2024-01-19T09:54:56.769Z - Time taken for 'hash changed files from watcher' 3.9068000316619873ms
[NX Daemon Server] - 2024-01-19T10:27:38.507Z - [WATCHER]: Processing file changes in outputs
[NX Daemon Server] - 2024-01-19T10:27:38.516Z - [WATCHER]: apps/shopperz/project.json was modified
[NX Daemon Server] - 2024-01-19T10:27:44.954Z - [REQUEST]: Updated workspace context based on watched changes, recomputing project graph...
[NX Daemon Server] - 2024-01-19T10:27:44.955Z - [REQUEST]: apps/shopperz/project.json
[NX Daemon Server] - 2024-01-19T10:27:44.955Z - [REQUEST]: 
[NX Daemon Server] - 2024-01-19T10:27:45.234Z - Error detected when creating a project graph: Failed to process project dependencies with "nx-js-graph-plugin".
"Unable to load C:\\Users\\Olorunfemi\\Desktop\\angularProjects\\shopperz\\apps\\shopperz\\src\\app\\acc-settings\\acc-settings.component.ts: The system cannot find the path specified. (os error 3)\nUnable to load C:\\Users\\Olorunfemi\\Desktop\\angularProjects\\shopperz\\apps\\shopperz\\src\\app\\acc-settings\\password\\password.component.ts: The system cannot find the path specified. (os error 3)\nUnable to load C:\\Users\\Olorunfemi\\Desktop\\angularProjects\\shopperz\\apps\\shopperz\\src\\app\\acc-settings\\profile\\profile.component.ts: The system cannot find the path specified. (os error 3)\nUnable to load C:\\Users\\Olorunfemi\\Desktop\\angularProjects\\shopperz\\apps\\shopperz\\src\\app\\admin-details\\admin-details.component.ts: The system cannot find the path specified. (os error 3)\nUnable to load C:\\Users\\Olorunfemi\\Desktop\\angularProjects\\shopperz\\apps\\shopperz\\src\\app\\categories\\categories.component.ts: The system cannot find the path specified. (os error 3)\nUnable to load C:\\Users\\Olorunfemi\\Desktop\\angularProjects\\shopperz\\apps\\shopperz\\src\\app\\coupon\\coupon.component.ts: The system cannot find the path specified. (os error 3)\nUnable to load C:\\Users\\Olorunfemi\\Desktop\\angularProjects\\shopperz\\apps\\shopperz\\src\\app\\customers\\customers.component.ts: The system cannot find the path specified. (os error 3)\nUnable to load C:\\Users\\Olorunfemi\\Desktop\\angularProjects\\shopperz\\apps\\shopperz\\src\\app\\dashboard\\dashboard.component.ts: The system cannot find the path specified. (os error 3)\nUnable to load C:\\Users\\Olorunfemi\\Desktop\\angularProjects\\shopperz\\apps\\shopperz\\src\\app\\general-settings\\app-settings\\app-settings.component.ts: The system cannot find the path specified. (os error 3)\nUnable to load C:\\Users\\Olorunfemi\\Desktop\\angularProjects\\shopperz\\apps\\shopperz\\src\\app\\general-settings\\banners\\banners.component.ts: The system cannot find the path specified. (os error 3)\nUnable to load C:\\Users\\Olorunfemi\\Desktop\\angularProjects\\shopperz\\apps\\shopperz\\src\\app\\general-settings\\company-info\\company-info.component.ts: The system cannot find the path specified. (os error 3)\nUnable to load C:\\Users\\Olorunfemi\\Desktop\\angularProjects\\shopperz\\apps\\shopperz\\src\\app\\general-settings\\customization\\customization.component.ts: The system cannot find the path specified. (os error 3)\nUnable to load C:\\Users\\Olorunfemi\\Desktop\\angularProjects\\shopperz\\apps\\shopperz\\src\\app\\general-settings\\general-settings.component.ts: The system cannot find the path specified. (os error 3)\nUnable to load C:\\Users\\Olorunfemi\\Desktop\\angularProjects\\shopperz\\apps\\shopperz\\src\\app\\general-settings\\image-upload\\image-upload.component.ts: The system cannot find the path specified. (os error 3)\nUnable to load C:\\Users\\Olorunfemi\\Desktop\\angularProjects\\shopperz\\apps\\shopperz\\src\\app\\login\\login.component.ts: The system cannot find the path specified. (os error 3)\nUnable to load C:\\Users\\Olorunfemi\\Desktop\\angularProjects\\shopperz\\apps\\shopperz\\src\\app\\manage-admin\\manage-admin.component.ts: The system cannot find the path specified. (os error 3)\nUnable to load C:\\Users\\Olorunfemi\\Desktop\\angularProjects\\shopperz\\apps\\shopperz\\src\\app\\notification-details\\notification-details.component.ts: The system cannot find the path specified. (os error 3)\nUnable to load C:\\Users\\Olorunfemi\\Desktop\\angularProjects\\shopperz\\apps\\shopperz\\src\\app\\notification-manager\\notification-manager.component.ts: The system cannot find the path specified. (os error 3)\nUnable to load C:\\Users\\Olorunfemi\\Desktop\\angularProjects\\shopperz\\apps\\shopperz\\src\\app\\notifications-listing\\notifications-listing.component.ts: The system cannot find the path specified. (os error 3)\nUnable to load C:\\Users\\Olorunfemi\\Desktop\\angularProjects\\shopperz\\apps\\shopperz\\src\\app\\order-details\\order-details.component.ts: The system cannot find the path specified. (os error 3)\nUnable to load C:\\Users\\Olorunfemi\\Desktop\\angularProjects\\shopperz\\apps\\shopperz\\src\\app\\orders\\orders.component.ts: The system cannot find the path specified. (os error 3)\nUnable to load C:\\Users\\Olorunfemi\\Desktop\\angularProjects\\shopperz\\apps\\shopperz\\src\\app\\product-details\\product-details.component.ts: The system cannot find the path specified. (os error 3)\nUnable to load C:\\Users\\Olorunfemi\\Desktop\\angularProjects\\shopperz\\apps\\shopperz\\src\\app\\product-specifications\\product-specifications.component.ts: The system cannot find the path specified. (os error 3)\nUnable to load C:\\Users\\Olorunfemi\\Desktop\\angularProjects\\shopperz\\apps\\shopperz\\src\\app\\products-form\\products-form.component.ts: The system cannot find the path specified. (os error 3)\nUnable to load C:\\Users\\Olorunfemi\\Desktop\\angularProjects\\shopperz\\apps\\shopperz\\src\\app\\products\\products.component.ts: The system cannot find the path specified. (os error 3)\nUnable to load C:\\Users\\Olorunfemi\\Desktop\\angularProjects\\shopperz\\apps\\shopperz\\src\\app\\sales-promo\\sales-promo.component.ts: The system cannot find the path specified. (os error 3)\nUnable to load C:\\Users\\Olorunfemi\\Desktop\\angularProjects\\shopperz\\apps\\shopperz\\src\\app\\shared\\components\\auth-layout\\auth-layout.component.ts: The system cannot find the path specified. (os error 3)\nUnable to load C:\\Users\\Olorunfemi\\Desktop\\angularProjects\\shopperz\\apps\\shopperz\\src\\app\\shared\\components\\banner-carousel\\banner-carousel.component.ts: The system cannot find the path specified. (os error 3)\nUnable to load C:\\Users\\Olorunfemi\\Desktop\\angularProjects\\shopperz\\apps\\shopperz\\src\\app\\shared\\components\\bar-chart\\bar-chart.component.ts: The system cannot find the path specified. (os error 3)\nUnable to load C:\\Users\\Olorunfemi\\Desktop\\angularProjects\\shopperz\\apps\\shopperz\\src\\app\\shared\\components\\cropper-opener\\cropper-opener.component.ts: The system cannot find the path specified. (os error 3)\nUnable to load C:\\Users\\Olorunfemi\\Desktop\\angularProjects\\shopperz\\apps\\shopperz\\src\\app\\shared\\components\\cus-accordion\\cus-accordion.component.ts: The system cannot find the path specified. (os error 3)\nUnable to load C:\\Users\\Olorunfemi\\Desktop\\angularProjects\\shopperz\\apps\\shopperz\\src\\app\\shared\\components\\cus-checkbox\\cus-checkbox.component.ts: The system cannot find the path specified. (os error 3)\nUnable to load C:\\Users\\Olorunfemi\\Desktop\\angularProjects\\shopperz\\apps\\shopperz\\src\\app\\shared\\components\\custom-date-picker\\custom-date-picker.component.ts: The system cannot find the path specified. (os error 3)\nUnable to load C:\\Users\\Olorunfemi\\Desktop\\angularProjects\\shopperz\\apps\\shopperz\\src\\app\\shared\\components\\custom-scroll\\custom-scroll.component.ts: The system cannot find the path specified. (os error 3)\nUnable to load C:\\Users\\Olorunfemi\\Desktop\\angularProjects\\shopperz\\apps\\shopperz\\src\\app\\shared\\components\\custom-select\\custom-select.component.ts: The system cannot find the path specified. (os error 3)\nUnable to load C:\\Users\\Olorunfemi\\Desktop\\angularProjects\\shopperz\\apps\\shopperz\\src\\app\\shared\\components\\dropdown\\dropdown.component.ts: The system cannot find the path specified. (os error 3)\nUnable to load C:\\Users\\Olorunfemi\\Desktop\\angularProjects\\shopperz\\apps\\shopperz\\src\\app\\shared\\components\\dynamic-grid\\dynamic-grid.component.ts: The system cannot find the path specified. (os error 3)\nUnable to load C:\\Users\\Olorunfemi\\Desktop\\angularProjects\\shopperz\\apps\\shopperz\\src\\app\\shared\\components\\each-pic\\each-pic.component.ts: The system cannot find the path specified. (os error 3)\nUnable to load C:\\Users\\Olorunfemi\\Desktop\\angularProjects\\shopperz\\apps\\shopperz\\src\\app\\shared\\components\\flex-slider\\flex-slider.component.ts: The system cannot find the path specified. (os error 3)\nUnable to load C:\\Users\\Olorunfemi\\Desktop\\angularProjects\\shopperz\\apps\\shopperz\\src\\app\\shared\\components\\footer\\footer.component.ts: The system cannot find the path specified. (os error 3)\nUnable to load C:\\Users\\Olorunfemi\\Desktop\\angularProjects\\shopperz\\apps\\shopperz\\src\\app\\shared\\components\\graph\\graph.component.ts: The system cannot find the path specified. (os error 3)\nUnable to load C:\\Users\\Olorunfemi\\Desktop\\angularProjects\\shopperz\\apps\\shopperz\\src\\app\\shared\\components\\group-accordion\\group-accordion.component.ts: The system cannot find the path specified. (os error 3)\nUnable to load C:\\Users\\Olorunfemi\\Desktop\\angularProjects\\shopperz\\apps\\shopperz\\src\\app\\shared\\components\\header\\header.component.ts: The system cannot find the path specified. (os error 3)\nUnable to load C:\\Users\\Olorunfemi\\Desktop\\angularProjects\\shopperz\\apps\\shopperz\\src\\app\\shared\\components\\home-flex-slider\\home-flex-slider.component.ts: The system cannot find the path specified. (os error 3)\nUnable to load C:\\Users\\Olorunfemi\\Desktop\\angularProjects\\shopperz\\apps\\shopperz\\src\\app\\shared\\components\\inner-cont-phone\\inner-cont-phone.component.ts: The system cannot find the path specified. (os error 3)\nUnable to load C:\\Users\\Olorunfemi\\Desktop\\angularProjects\\shopperz\\apps\\shopperz\\src\\app\\shared\\components\\loading-btn\\loading-btn.component.ts: The system cannot find the path specified. (os error 3)\nUnable to load C:\\Users\\Olorunfemi\\Desktop\\angularProjects\\shopperz\\apps\\shopperz\\src\\app\\shared\\components\\pagination\\pagination.component.ts: The system cannot find the path specified. (os error 3)\nUnable to load C:\\Users\\Olorunfemi\\Desktop\\angularProjects\\shopperz\\apps\\shopperz\\src\\app\\shared\\components\\picture-details\\picture-details.component.ts: The system cannot find the path specified. (os error 3)\nUnable to load C:\\Users\\Olorunfemi\\Desktop\\angularProjects\\shopperz\\apps\\shopperz\\src\\app\\shared\\components\\pie-chart\\pie-chart.component.ts: The system cannot find the path specified. (os error 3)\nUnable to load C:\\Users\\Olorunfemi\\Desktop\\angularProjects\\shopperz\\apps\\shopperz\\src\\app\\shared\\components\\register\\register.component.ts: The system cannot find the path specified. (os error 3)\nUnable to load C:\\Users\\Olorunfemi\\Desktop\\angularProjects\\shopperz\\apps\\shopperz\\src\\app\\shared\\components\\submit-btn\\submit-btn.component.ts: The system cannot find the path specified. (os error 3)\nUnable to load C:\\Users\\Olorunfemi\\Desktop\\angularProjects\\shopperz\\apps\\shopperz\\src\\app\\shared\\components\\svg-icons\\svg-icons.component.ts: The system cannot find the path specified. (os error 3)\nUnable to load C:\\Users\\Olorunfemi\\Desktop\\angularProjects\\shopperz\\apps\\shopperz\\src\\app\\shared\\components\\timer\\timer.component.ts: The system cannot find the path specified. (os error 3)\nUnable to load C:\\Users\\Olorunfemi\\Desktop\\angularProjects\\shopperz\\apps\\shopperz\\src\\app\\shared\\directives\\allow-num.directive.ts: The system cannot find the path specified. (os error 3)\nUnable to load C:\\Users\\Olorunfemi\\Desktop\\angularProjects\\shopperz\\apps\\shopperz\\src\\app\\shared\\directives\\alt-img-loader.directive.ts: The system cannot find the path specified. (os error 3)\nUnable to load C:\\Users\\Olorunfemi\\Desktop\\angularProjects\\shopperz\\apps\\shopperz\\src\\app\\shared\\directives\\cus-router-link.directive.ts: The system cannot find the path specified. (os error 3)\nUnable to load C:\\Users\\Olorunfemi\\Desktop\\angularProjects\\shopperz\\apps\\shopperz\\src\\app\\shared\\directives\\default-bank.directive.ts: The system cannot find the path specified. (os error 3)\nUnable to load C:\\Users\\Olorunfemi\\Desktop\\angularProjects\\shopperz\\apps\\shopperz\\src\\app\\shared\\directives\\dropdown.directive.ts: The system cannot find the path specified. (os error 3)\nUnable to load C:\\Users\\Olorunfemi\\Desktop\\angularProjects\\shopperz\\apps\\shopperz\\src\\app\\shared\\directives\\strip-space.directive.ts: The system cannot find the path specified. (os error 3)\nUnable to load C:\\Users\\Olorunfemi\\Desktop\\angularProjects\\shopperz\\apps\\shopperz\\src\\app\\shared\\directives\\svg-loader.directive.ts: The system cannot find the path specified. (os error 3)\nUnable to load C:\\Users\\Olorunfemi\\Desktop\\angularProjects\\shopperz\\apps\\shopperz\\src\\app\\shared\\directives\\toggle-pass.directive.ts: The system cannot find the path specified. (os error 3)\nUnable to load C:\\Users\\Olorunfemi\\Desktop\\angularProjects\\shopperz\\apps\\shopperz\\src\\app\\shared\\modules\\modal\\modal.component.ts: The system cannot find the path specified. (os error 3)\nUnable to load C:\\Users\\Olorunfemi\\Desktop\\angularProjects\\shopperz\\apps\\shopperz\\src\\app\\shared\\modules\\modal\\modal.module.ts: The system cannot find the path specified. (os error 3)\nUnable to load C:\\Users\\Olorunfemi\\Desktop\\angularProjects\\shopperz\\apps\\shopperz\\src\\app\\shared\\modules\\modal\\open-modal.directive.ts: The system cannot find the path specified. (os error 3)\nUnable to load C:\\Users\\Olorunfemi\\Desktop\\angularProjects\\shopperz\\apps\\shopperz\\src\\app\\shared\\pipe\\bank.pipe.ts: The system cannot find the path specified. (os error 3)\nUnable to load C:\\Users\\Olorunfemi\\Desktop\\angularProjects\\shopperz\\apps\\shopperz\\src\\app\\shared\\pipe\\clean-url.pipe.ts: The system cannot find the path specified. (os error 3)\nUnable to load C:\\Users\\Olorunfemi\\Desktop\\angularProjects\\shopperz\\apps\\shopperz\\src\\app\\shared\\pipe\\cloud-plugin.pipe.ts: The system cannot find the path specified. (os error 3)\nUnable to load C:\\Users\\Olorunfemi\\Desktop\\angularProjects\\shopperz\\apps\\shopperz\\src\\app\\shared\\pipe\\cloud-trans.pipe.ts: The system cannot find the path specified. (os error 3)\nUnable to load C:\\Users\\Olorunfemi\\Desktop\\angularProjects\\shopperz\\apps\\shopperz\\src\\app\\shared\\pipe\\date-format.pipe.ts: The system cannot find the path specified. (os error 3)\nUnable to load C:\\Users\\Olorunfemi\\Desktop\\angularProjects\\shopperz\\apps\\shopperz\\src\\app\\shared\\pipe\\phone-code.pipe.ts: The system cannot find the path specified. (os error 3)\nUnable to load C:\\Users\\Olorunfemi\\Desktop\\angularProjects\\shopperz\\apps\\shopperz\\src\\app\\shared\\pipe\\public-id.pipe.ts: The system cannot find the path specified. (os error 3)\nUnable to load C:\\Users\\Olorunfemi\\Desktop\\angularProjects\\shopperz\\apps\\shopperz\\src\\app\\shared\\pipe\\safe-html.pipe.ts: The system cannot find the path specified. (os error 3)\nUnable to load C:\\Users\\Olorunfemi\\Desktop\\angularProjects\\shopperz\\apps\\shopperz\\src\\app\\shared\\pipe\\safe-url.pipe.ts: The system cannot find the path specified. (os error 3)\nUnable to load C:\\Users\\Olorunfemi\\Desktop\\angularProjects\\shopperz\\apps\\shopperz\\src\\app\\shared\\pipe\\size-conv.pipe.ts: The system cannot find the path specified. (os error 3)\nUnable to load C:\\Users\\Olorunfemi\\Desktop\\angularProjects\\shopperz\\apps\\shopperz\\src\\app\\shared\\pipe\\strip-html.pipe.ts: The system cannot find the path specified. (os error 3)\nUnable to load C:\\Users\\Olorunfemi\\Desktop\\angularProjects\\shopperz\\apps\\shopperz\\src\\app\\shared\\pipe\\summary.pipe.ts: The system cannot find the path specified. (os error 3)\nUnable to load C:\\Users\\Olorunfemi\\Desktop\\angularProjects\\shopperz\\apps\\shopperz\\src\\app\\shared\\pipe\\text-transform.pipe.ts: The system cannot find the path specified. (os error 3)\nUnable to load C:\\Users\\Olorunfemi\\Desktop\\angularProjects\\shopperz\\apps\\shopperz\\src\\app\\shared\\pipe\\time-ago.pipe.ts: The system cannot find the path specified. (os error 3)\nUnable to load C:\\Users\\Olorunfemi\\Desktop\\angularProjects\\shopperz\\apps\\shopperz\\src\\app\\shared\\pipe\\treat-img-url.pipe.ts: The system cannot find the path specified. (os error 3)\nUnable to load C:\\Users\\Olorunfemi\\Desktop\\angularProjects\\shopperz\\apps\\shopperz\\src\\app\\shared\\pipe\\truncate-amount.pipe.ts: The system cannot find the path specified. (os error 3)\nUnable to load C:\\Users\\Olorunfemi\\Desktop\\angularProjects\\shopperz\\apps\\shopperz\\src\\app\\shared\\shared.module.ts: The system cannot find the path specified. (os error 3)\nUnable to load C:\\Users\\Olorunfemi\\Desktop\\angularProjects\\shopperz\\apps\\shopperz\\src\\app\\stores\\stores.component.ts: The system cannot find the path specified. (os error 3)\nUnable to load C:\\Users\\Olorunfemi\\Desktop\\angularProjects\\shopperz\\apps\\shopperz\\src\\app\\user-notifications-details\\user-notifications-details.component.ts: The system cannot find the path specified. (os error 3)"
[NX Daemon Server] - 2024-01-19T10:27:45.235Z - Time taken for 'hash changed files from watcher' 33.39840006828308ms
[NX Daemon Server] - 2024-01-19T10:27:53.918Z - [WATCHER]: Processing file changes in outputs
[NX Daemon Server] - 2024-01-19T10:27:53.923Z - [WATCHER]: 0 file(s) created or restored, 2 file(s) modified, 0 file(s) deleted
[NX Daemon Server] - 2024-01-19T10:28:00.341Z - [REQUEST]: Updated workspace context based on watched changes, recomputing project graph...
[NX Daemon Server] - 2024-01-19T10:28:00.341Z - [REQUEST]: apps/shopperz/src/app/app-routing.module.ts,apps/shopperz/src/app/app.module.ts
[NX Daemon Server] - 2024-01-19T10:28:00.341Z - [REQUEST]: 
[NX Daemon Server] - 2024-01-19T10:28:00.541Z - Error detected when creating a project graph: Failed to process project dependencies with "nx-js-graph-plugin".
"Unable to load C:\\Users\\Olorunfemi\\Desktop\\angularProjects\\shopperz\\apps\\shopperz\\src\\app\\acc-settings\\acc-settings.component.ts: The system cannot find the path specified. (os error 3)\nUnable to load C:\\Users\\Olorunfemi\\Desktop\\angularProjects\\shopperz\\apps\\shopperz\\src\\app\\acc-settings\\password\\password.component.ts: The system cannot find the path specified. (os error 3)\nUnable to load C:\\Users\\Olorunfemi\\Desktop\\angularProjects\\shopperz\\apps\\shopperz\\src\\app\\acc-settings\\profile\\profile.component.ts: The system cannot find the path specified. (os error 3)\nUnable to load C:\\Users\\Olorunfemi\\Desktop\\angularProjects\\shopperz\\apps\\shopperz\\src\\app\\admin-details\\admin-details.component.ts: The system cannot find the path specified. (os error 3)\nUnable to load C:\\Users\\Olorunfemi\\Desktop\\angularProjects\\shopperz\\apps\\shopperz\\src\\app\\categories\\categories.component.ts: The system cannot find the path specified. (os error 3)\nUnable to load C:\\Users\\Olorunfemi\\Desktop\\angularProjects\\shopperz\\apps\\shopperz\\src\\app\\coupon\\coupon.component.ts: The system cannot find the path specified. (os error 3)\nUnable to load C:\\Users\\Olorunfemi\\Desktop\\angularProjects\\shopperz\\apps\\shopperz\\src\\app\\customers\\customers.component.ts: The system cannot find the path specified. (os error 3)\nUnable to load C:\\Users\\Olorunfemi\\Desktop\\angularProjects\\shopperz\\apps\\shopperz\\src\\app\\dashboard\\dashboard.component.ts: The system cannot find the path specified. (os error 3)\nUnable to load C:\\Users\\Olorunfemi\\Desktop\\angularProjects\\shopperz\\apps\\shopperz\\src\\app\\general-settings\\app-settings\\app-settings.component.ts: The system cannot find the path specified. (os error 3)\nUnable to load C:\\Users\\Olorunfemi\\Desktop\\angularProjects\\shopperz\\apps\\shopperz\\src\\app\\general-settings\\banners\\banners.component.ts: The system cannot find the path specified. (os error 3)\nUnable to load C:\\Users\\Olorunfemi\\Desktop\\angularProjects\\shopperz\\apps\\shopperz\\src\\app\\general-settings\\company-info\\company-info.component.ts: The system cannot find the path specified. (os error 3)\nUnable to load C:\\Users\\Olorunfemi\\Desktop\\angularProjects\\shopperz\\apps\\shopperz\\src\\app\\general-settings\\customization\\customization.component.ts: The system cannot find the path specified. (os error 3)\nUnable to load C:\\Users\\Olorunfemi\\Desktop\\angularProjects\\shopperz\\apps\\shopperz\\src\\app\\general-settings\\general-settings.component.ts: The system cannot find the path specified. (os error 3)\nUnable to load C:\\Users\\Olorunfemi\\Desktop\\angularProjects\\shopperz\\apps\\shopperz\\src\\app\\general-settings\\image-upload\\image-upload.component.ts: The system cannot find the path specified. (os error 3)\nUnable to load C:\\Users\\Olorunfemi\\Desktop\\angularProjects\\shopperz\\apps\\shopperz\\src\\app\\login\\login.component.ts: The system cannot find the path specified. (os error 3)\nUnable to load C:\\Users\\Olorunfemi\\Desktop\\angularProjects\\shopperz\\apps\\shopperz\\src\\app\\manage-admin\\manage-admin.component.ts: The system cannot find the path specified. (os error 3)\nUnable to load C:\\Users\\Olorunfemi\\Desktop\\angularProjects\\shopperz\\apps\\shopperz\\src\\app\\notification-details\\notification-details.component.ts: The system cannot find the path specified. (os error 3)\nUnable to load C:\\Users\\Olorunfemi\\Desktop\\angularProjects\\shopperz\\apps\\shopperz\\src\\app\\notification-manager\\notification-manager.component.ts: The system cannot find the path specified. (os error 3)\nUnable to load C:\\Users\\Olorunfemi\\Desktop\\angularProjects\\shopperz\\apps\\shopperz\\src\\app\\notifications-listing\\notifications-listing.component.ts: The system cannot find the path specified. (os error 3)\nUnable to load C:\\Users\\Olorunfemi\\Desktop\\angularProjects\\shopperz\\apps\\shopperz\\src\\app\\order-details\\order-details.component.ts: The system cannot find the path specified. (os error 3)\nUnable to load C:\\Users\\Olorunfemi\\Desktop\\angularProjects\\shopperz\\apps\\shopperz\\src\\app\\orders\\orders.component.ts: The system cannot find the path specified. (os error 3)\nUnable to load C:\\Users\\Olorunfemi\\Desktop\\angularProjects\\shopperz\\apps\\shopperz\\src\\app\\product-details\\product-details.component.ts: The system cannot find the path specified. (os error 3)\nUnable to load C:\\Users\\Olorunfemi\\Desktop\\angularProjects\\shopperz\\apps\\shopperz\\src\\app\\product-specifications\\product-specifications.component.ts: The system cannot find the path specified. (os error 3)\nUnable to load C:\\Users\\Olorunfemi\\Desktop\\angularProjects\\shopperz\\apps\\shopperz\\src\\app\\products-form\\products-form.component.ts: The system cannot find the path specified. (os error 3)\nUnable to load C:\\Users\\Olorunfemi\\Desktop\\angularProjects\\shopperz\\apps\\shopperz\\src\\app\\products\\products.component.ts: The system cannot find the path specified. (os error 3)\nUnable to load C:\\Users\\Olorunfemi\\Desktop\\angularProjects\\shopperz\\apps\\shopperz\\src\\app\\sales-promo\\sales-promo.component.ts: The system cannot find the path specified. (os error 3)\nUnable to load C:\\Users\\Olorunfemi\\Desktop\\angularProjects\\shopperz\\apps\\shopperz\\src\\app\\shared\\components\\auth-layout\\auth-layout.component.ts: The system cannot find the path specified. (os error 3)\nUnable to load C:\\Users\\Olorunfemi\\Desktop\\angularProjects\\shopperz\\apps\\shopperz\\src\\app\\shared\\components\\banner-carousel\\banner-carousel.component.ts: The system cannot find the path specified. (os error 3)\nUnable to load C:\\Users\\Olorunfemi\\Desktop\\angularProjects\\shopperz\\apps\\shopperz\\src\\app\\shared\\components\\bar-chart\\bar-chart.component.ts: The system cannot find the path specified. (os error 3)\nUnable to load C:\\Users\\Olorunfemi\\Desktop\\angularProjects\\shopperz\\apps\\shopperz\\src\\app\\shared\\components\\cropper-opener\\cropper-opener.component.ts: The system cannot find the path specified. (os error 3)\nUnable to load C:\\Users\\Olorunfemi\\Desktop\\angularProjects\\shopperz\\apps\\shopperz\\src\\app\\shared\\components\\cus-accordion\\cus-accordion.component.ts: The system cannot find the path specified. (os error 3)\nUnable to load C:\\Users\\Olorunfemi\\Desktop\\angularProjects\\shopperz\\apps\\shopperz\\src\\app\\shared\\components\\cus-checkbox\\cus-checkbox.component.ts: The system cannot find the path specified. (os error 3)\nUnable to load C:\\Users\\Olorunfemi\\Desktop\\angularProjects\\shopperz\\apps\\shopperz\\src\\app\\shared\\components\\custom-date-picker\\custom-date-picker.component.ts: The system cannot find the path specified. (os error 3)\nUnable to load C:\\Users\\Olorunfemi\\Desktop\\angularProjects\\shopperz\\apps\\shopperz\\src\\app\\shared\\components\\custom-scroll\\custom-scroll.component.ts: The system cannot find the path specified. (os error 3)\nUnable to load C:\\Users\\Olorunfemi\\Desktop\\angularProjects\\shopperz\\apps\\shopperz\\src\\app\\shared\\components\\custom-select\\custom-select.component.ts: The system cannot find the path specified. (os error 3)\nUnable to load C:\\Users\\Olorunfemi\\Desktop\\angularProjects\\shopperz\\apps\\shopperz\\src\\app\\shared\\components\\dropdown\\dropdown.component.ts: The system cannot find the path specified. (os error 3)\nUnable to load C:\\Users\\Olorunfemi\\Desktop\\angularProjects\\shopperz\\apps\\shopperz\\src\\app\\shared\\components\\dynamic-grid\\dynamic-grid.component.ts: The system cannot find the path specified. (os error 3)\nUnable to load C:\\Users\\Olorunfemi\\Desktop\\angularProjects\\shopperz\\apps\\shopperz\\src\\app\\shared\\components\\each-pic\\each-pic.component.ts: The system cannot find the path specified. (os error 3)\nUnable to load C:\\Users\\Olorunfemi\\Desktop\\angularProjects\\shopperz\\apps\\shopperz\\src\\app\\shared\\components\\flex-slider\\flex-slider.component.ts: The system cannot find the path specified. (os error 3)\nUnable to load C:\\Users\\Olorunfemi\\Desktop\\angularProjects\\shopperz\\apps\\shopperz\\src\\app\\shared\\components\\footer\\footer.component.ts: The system cannot find the path specified. (os error 3)\nUnable to load C:\\Users\\Olorunfemi\\Desktop\\angularProjects\\shopperz\\apps\\shopperz\\src\\app\\shared\\components\\graph\\graph.component.ts: The system cannot find the path specified. (os error 3)\nUnable to load C:\\Users\\Olorunfemi\\Desktop\\angularProjects\\shopperz\\apps\\shopperz\\src\\app\\shared\\components\\group-accordion\\group-accordion.component.ts: The system cannot find the path specified. (os error 3)\nUnable to load C:\\Users\\Olorunfemi\\Desktop\\angularProjects\\shopperz\\apps\\shopperz\\src\\app\\shared\\components\\header\\header.component.ts: The system cannot find the path specified. (os error 3)\nUnable to load C:\\Users\\Olorunfemi\\Desktop\\angularProjects\\shopperz\\apps\\shopperz\\src\\app\\shared\\components\\home-flex-slider\\home-flex-slider.component.ts: The system cannot find the path specified. (os error 3)\nUnable to load C:\\Users\\Olorunfemi\\Desktop\\angularProjects\\shopperz\\apps\\shopperz\\src\\app\\shared\\components\\inner-cont-phone\\inner-cont-phone.component.ts: The system cannot find the path specified. (os error 3)\nUnable to load C:\\Users\\Olorunfemi\\Desktop\\angularProjects\\shopperz\\apps\\shopperz\\src\\app\\shared\\components\\loading-btn\\loading-btn.component.ts: The system cannot find the path specified. (os error 3)\nUnable to load C:\\Users\\Olorunfemi\\Desktop\\angularProjects\\shopperz\\apps\\shopperz\\src\\app\\shared\\components\\pagination\\pagination.component.ts: The system cannot find the path specified. (os error 3)\nUnable to load C:\\Users\\Olorunfemi\\Desktop\\angularProjects\\shopperz\\apps\\shopperz\\src\\app\\shared\\components\\picture-details\\picture-details.component.ts: The system cannot find the path specified. (os error 3)\nUnable to load C:\\Users\\Olorunfemi\\Desktop\\angularProjects\\shopperz\\apps\\shopperz\\src\\app\\shared\\components\\pie-chart\\pie-chart.component.ts: The system cannot find the path specified. (os error 3)\nUnable to load C:\\Users\\Olorunfemi\\Desktop\\angularProjects\\shopperz\\apps\\shopperz\\src\\app\\shared\\components\\register\\register.component.ts: The system cannot find the path specified. (os error 3)\nUnable to load C:\\Users\\Olorunfemi\\Desktop\\angularProjects\\shopperz\\apps\\shopperz\\src\\app\\shared\\components\\submit-btn\\submit-btn.component.ts: The system cannot find the path specified. (os error 3)\nUnable to load C:\\Users\\Olorunfemi\\Desktop\\angularProjects\\shopperz\\apps\\shopperz\\src\\app\\shared\\components\\svg-icons\\svg-icons.component.ts: The system cannot find the path specified. (os error 3)\nUnable to load C:\\Users\\Olorunfemi\\Desktop\\angularProjects\\shopperz\\apps\\shopperz\\src\\app\\shared\\components\\timer\\timer.component.ts: The system cannot find the path specified. (os error 3)\nUnable to load C:\\Users\\Olorunfemi\\Desktop\\angularProjects\\shopperz\\apps\\shopperz\\src\\app\\shared\\directives\\allow-num.directive.ts: The system cannot find the path specified. (os error 3)\nUnable to load C:\\Users\\Olorunfemi\\Desktop\\angularProjects\\shopperz\\apps\\shopperz\\src\\app\\shared\\directives\\alt-img-loader.directive.ts: The system cannot find the path specified. (os error 3)\nUnable to load C:\\Users\\Olorunfemi\\Desktop\\angularProjects\\shopperz\\apps\\shopperz\\src\\app\\shared\\directives\\cus-router-link.directive.ts: The system cannot find the path specified. (os error 3)\nUnable to load C:\\Users\\Olorunfemi\\Desktop\\angularProjects\\shopperz\\apps\\shopperz\\src\\app\\shared\\directives\\default-bank.directive.ts: The system cannot find the path specified. (os error 3)\nUnable to load C:\\Users\\Olorunfemi\\Desktop\\angularProjects\\shopperz\\apps\\shopperz\\src\\app\\shared\\directives\\dropdown.directive.ts: The system cannot find the path specified. (os error 3)\nUnable to load C:\\Users\\Olorunfemi\\Desktop\\angularProjects\\shopperz\\apps\\shopperz\\src\\app\\shared\\directives\\strip-space.directive.ts: The system cannot find the path specified. (os error 3)\nUnable to load C:\\Users\\Olorunfemi\\Desktop\\angularProjects\\shopperz\\apps\\shopperz\\src\\app\\shared\\directives\\svg-loader.directive.ts: The system cannot find the path specified. (os error 3)\nUnable to load C:\\Users\\Olorunfemi\\Desktop\\angularProjects\\shopperz\\apps\\shopperz\\src\\app\\shared\\directives\\toggle-pass.directive.ts: The system cannot find the path specified. (os error 3)\nUnable to load C:\\Users\\Olorunfemi\\Desktop\\angularProjects\\shopperz\\apps\\shopperz\\src\\app\\shared\\modules\\modal\\modal.component.ts: The system cannot find the path specified. (os error 3)\nUnable to load C:\\Users\\Olorunfemi\\Desktop\\angularProjects\\shopperz\\apps\\shopperz\\src\\app\\shared\\modules\\modal\\modal.module.ts: The system cannot find the path specified. (os error 3)\nUnable to load C:\\Users\\Olorunfemi\\Desktop\\angularProjects\\shopperz\\apps\\shopperz\\src\\app\\shared\\modules\\modal\\open-modal.directive.ts: The system cannot find the path specified. (os error 3)\nUnable to load C:\\Users\\Olorunfemi\\Desktop\\angularProjects\\shopperz\\apps\\shopperz\\src\\app\\shared\\pipe\\bank.pipe.ts: The system cannot find the path specified. (os error 3)\nUnable to load C:\\Users\\Olorunfemi\\Desktop\\angularProjects\\shopperz\\apps\\shopperz\\src\\app\\shared\\pipe\\clean-url.pipe.ts: The system cannot find the path specified. (os error 3)\nUnable to load C:\\Users\\Olorunfemi\\Desktop\\angularProjects\\shopperz\\apps\\shopperz\\src\\app\\shared\\pipe\\cloud-plugin.pipe.ts: The system cannot find the path specified. (os error 3)\nUnable to load C:\\Users\\Olorunfemi\\Desktop\\angularProjects\\shopperz\\apps\\shopperz\\src\\app\\shared\\pipe\\cloud-trans.pipe.ts: The system cannot find the path specified. (os error 3)\nUnable to load C:\\Users\\Olorunfemi\\Desktop\\angularProjects\\shopperz\\apps\\shopperz\\src\\app\\shared\\pipe\\date-format.pipe.ts: The system cannot find the path specified. (os error 3)\nUnable to load C:\\Users\\Olorunfemi\\Desktop\\angularProjects\\shopperz\\apps\\shopperz\\src\\app\\shared\\pipe\\phone-code.pipe.ts: The system cannot find the path specified. (os error 3)\nUnable to load C:\\Users\\Olorunfemi\\Desktop\\angularProjects\\shopperz\\apps\\shopperz\\src\\app\\shared\\pipe\\public-id.pipe.ts: The system cannot find the path specified. (os error 3)\nUnable to load C:\\Users\\Olorunfemi\\Desktop\\angularProjects\\shopperz\\apps\\shopperz\\src\\app\\shared\\pipe\\safe-html.pipe.ts: The system cannot find the path specified. (os error 3)\nUnable to load C:\\Users\\Olorunfemi\\Desktop\\angularProjects\\shopperz\\apps\\shopperz\\src\\app\\shared\\pipe\\safe-url.pipe.ts: The system cannot find the path specified. (os error 3)\nUnable to load C:\\Users\\Olorunfemi\\Desktop\\angularProjects\\shopperz\\apps\\shopperz\\src\\app\\shared\\pipe\\size-conv.pipe.ts: The system cannot find the path specified. (os error 3)\nUnable to load C:\\Users\\Olorunfemi\\Desktop\\angularProjects\\shopperz\\apps\\shopperz\\src\\app\\shared\\pipe\\strip-html.pipe.ts: The system cannot find the path specified. (os error 3)\nUnable to load C:\\Users\\Olorunfemi\\Desktop\\angularProjects\\shopperz\\apps\\shopperz\\src\\app\\shared\\pipe\\summary.pipe.ts: The system cannot find the path specified. (os error 3)\nUnable to load C:\\Users\\Olorunfemi\\Desktop\\angularProjects\\shopperz\\apps\\shopperz\\src\\app\\shared\\pipe\\text-transform.pipe.ts: The system cannot find the path specified. (os error 3)\nUnable to load C:\\Users\\Olorunfemi\\Desktop\\angularProjects\\shopperz\\apps\\shopperz\\src\\app\\shared\\pipe\\time-ago.pipe.ts: The system cannot find the path specified. (os error 3)\nUnable to load C:\\Users\\Olorunfemi\\Desktop\\angularProjects\\shopperz\\apps\\shopperz\\src\\app\\shared\\pipe\\treat-img-url.pipe.ts: The system cannot find the path specified. (os error 3)\nUnable to load C:\\Users\\Olorunfemi\\Desktop\\angularProjects\\shopperz\\apps\\shopperz\\src\\app\\shared\\pipe\\truncate-amount.pipe.ts: The system cannot find the path specified. (os error 3)\nUnable to load C:\\Users\\Olorunfemi\\Desktop\\angularProjects\\shopperz\\apps\\shopperz\\src\\app\\shared\\shared.module.ts: The system cannot find the path specified. (os error 3)\nUnable to load C:\\Users\\Olorunfemi\\Desktop\\angularProjects\\shopperz\\apps\\shopperz\\src\\app\\stores\\stores.component.ts: The system cannot find the path specified. (os error 3)\nUnable to load C:\\Users\\Olorunfemi\\Desktop\\angularProjects\\shopperz\\apps\\shopperz\\src\\app\\user-notifications-details\\user-notifications-details.component.ts: The system cannot find the path specified. (os error 3)"
[NX Daemon Server] - 2024-01-19T10:28:00.542Z - Time taken for 'hash changed files from watcher' 2.2064000368118286ms
[NX Daemon Server] - 2024-01-19T10:28:11.776Z - [WATCHER]: Processing file changes in outputs
[NX Daemon Server] - 2024-01-19T10:28:11.780Z - [WATCHER]: apps/shopperz was deleted
[NX Daemon Server] - 2024-01-19T10:28:18.196Z - [REQUEST]: Updated workspace context based on watched changes, recomputing project graph...
[NX Daemon Server] - 2024-01-19T10:28:18.196Z - [REQUEST]: 
[NX Daemon Server] - 2024-01-19T10:28:18.196Z - [REQUEST]: apps/shopperz
Unable to create nodes for apps/shopperz/project.json using plugin nx-core-build-project-json-nodes. 

	 Inner Error: Error: ENOENT: no such file or directory, open 'C:\Users\Olorunfemi\Desktop\angularProjects\shopperz\apps\shopperz\project.json'
    at readFileSync (node:fs:453:20)
    at readJsonFile (C:\Users\Olorunfemi\Desktop\angularProjects\shopperz\node_modules\nx\src\utils\fileutils.js:17:43)
    at exports.CreateProjectJsonProjectsPlugin.createNodes (C:\Users\Olorunfemi\Desktop\angularProjects\shopperz\node_modules\nx\src\plugins\project-json\build-nodes\project-json.js:12:55)
    at buildProjectsConfigurationsFromProjectPathsAndPlugins (C:\Users\Olorunfemi\Desktop\angularProjects\shopperz\node_modules\nx\src\project-graph\utils\project-configuration-utils.js:125:29)
    at createProjectConfigurations (C:\Users\Olorunfemi\Desktop\angularProjects\shopperz\node_modules\nx\src\project-graph\utils\retrieve-workspace-files.js:89:156)
    at _retrieveProjectConfigurations (C:\Users\Olorunfemi\Desktop\angularProjects\shopperz\node_modules\nx\src\project-graph\utils\retrieve-workspace-files.js:61:12)
    at retrieveProjectConfigurations (C:\Users\Olorunfemi\Desktop\angularProjects\shopperz\node_modules\nx\src\project-graph\utils\retrieve-workspace-files.js:46:12)
    at process.processTicksAndRejections (node:internal/process/task_queues:95:5)
    at async processFilesAndCreateAndSerializeProjectGraph (C:\Users\Olorunfemi\Desktop\angularProjects\shopperz\node_modules\nx\src\daemon\server\project-graph-incremental-recomputation.js:140:28)
    at async Timeout._onTimeout (C:\Users\Olorunfemi\Desktop\angularProjects\shopperz\node_modules\nx\src\daemon\server\project-graph-incremental-recomputation.js:81:13)
[NX Daemon Server] - 2024-01-19T10:28:18.280Z - Time taken for 'hash changed files from watcher' 3.25409996509552ms
[NX Daemon Server] - 2024-01-19T10:29:36.895Z - Established a connection. Number of open connections: 1
[NX Daemon Server] - 2024-01-19T10:29:36.900Z - Closed a connection. Number of open connections: 0
[NX Daemon Server] - 2024-01-19T10:29:36.901Z - Established a connection. Number of open connections: 1
[NX Daemon Server] - 2024-01-19T10:29:36.905Z - [REQUEST]: Client Request for Project Graph Received
[NX Daemon Server] - 2024-01-19T10:29:36.909Z - [REQUEST]: Updated workspace context based on watched changes, recomputing project graph...
[NX Daemon Server] - 2024-01-19T10:29:36.909Z - [REQUEST]: 
[NX Daemon Server] - 2024-01-19T10:29:36.909Z - [REQUEST]: apps/shopperz
Unable to create nodes for apps/shopperz/project.json using plugin nx-core-build-project-json-nodes. 

	 Inner Error: Error: ENOENT: no such file or directory, open 'C:\Users\Olorunfemi\Desktop\angularProjects\shopperz\apps\shopperz\project.json'
    at readFileSync (node:fs:453:20)
    at readJsonFile (C:\Users\Olorunfemi\Desktop\angularProjects\shopperz\node_modules\nx\src\utils\fileutils.js:17:43)
    at exports.CreateProjectJsonProjectsPlugin.createNodes (C:\Users\Olorunfemi\Desktop\angularProjects\shopperz\node_modules\nx\src\plugins\project-json\build-nodes\project-json.js:12:55)
    at buildProjectsConfigurationsFromProjectPathsAndPlugins (C:\Users\Olorunfemi\Desktop\angularProjects\shopperz\node_modules\nx\src\project-graph\utils\project-configuration-utils.js:125:29)
    at createProjectConfigurations (C:\Users\Olorunfemi\Desktop\angularProjects\shopperz\node_modules\nx\src\project-graph\utils\retrieve-workspace-files.js:89:156)
    at _retrieveProjectConfigurations (C:\Users\Olorunfemi\Desktop\angularProjects\shopperz\node_modules\nx\src\project-graph\utils\retrieve-workspace-files.js:61:12)
    at retrieveProjectConfigurations (C:\Users\Olorunfemi\Desktop\angularProjects\shopperz\node_modules\nx\src\project-graph\utils\retrieve-workspace-files.js:46:12)
    at process.processTicksAndRejections (node:internal/process/task_queues:95:5)
    at async processFilesAndCreateAndSerializeProjectGraph (C:\Users\Olorunfemi\Desktop\angularProjects\shopperz\node_modules\nx\src\daemon\server\project-graph-incremental-recomputation.js:140:28)
    at async getCachedSerializedProjectGraphPromise (C:\Users\Olorunfemi\Desktop\angularProjects\shopperz\node_modules\nx\src\daemon\server\project-graph-incremental-recomputation.js:43:16)
[NX Daemon Server] - 2024-01-19T10:29:36.965Z - [REQUEST]: Responding to the client with an error. Error when preparing serialized project graph. Unable to create nodes for apps/shopperz/project.json using plugin nx-core-build-project-json-nodes. 

	 Inner Error: Error: ENOENT: no such file or directory, open 'C:\Users\Olorunfemi\Desktop\angularProjects\shopperz\apps\shopperz\project.json'
    at readFileSync (node:fs:453:20)
    at readJsonFile (C:\Users\Olorunfemi\Desktop\angularProjects\shopperz\node_modules\nx\src\utils\fileutils.js:17:43)
    at exports.CreateProjectJsonProjectsPlugin.createNodes (C:\Users\Olorunfemi\Desktop\angularProjects\shopperz\node_modules\nx\src\plugins\project-json\build-nodes\project-json.js:12:55)
    at buildProjectsConfigurationsFromProjectPathsAndPlugins (C:\Users\Olorunfemi\Desktop\angularProjects\shopperz\node_modules\nx\src\project-graph\utils\project-configuration-utils.js:125:29)
    at createProjectConfigurations (C:\Users\Olorunfemi\Desktop\angularProjects\shopperz\node_modules\nx\src\project-graph\utils\retrieve-workspace-files.js:89:156)
    at _retrieveProjectConfigurations (C:\Users\Olorunfemi\Desktop\angularProjects\shopperz\node_modules\nx\src\project-graph\utils\retrieve-workspace-files.js:61:12)
    at retrieveProjectConfigurations (C:\Users\Olorunfemi\Desktop\angularProjects\shopperz\node_modules\nx\src\project-graph\utils\retrieve-workspace-files.js:46:12)
    at process.processTicksAndRejections (node:internal/process/task_queues:95:5)
    at async processFilesAndCreateAndSerializeProjectGraph (C:\Users\Olorunfemi\Desktop\angularProjects\shopperz\node_modules\nx\src\daemon\server\project-graph-incremental-recomputation.js:140:28)
    at async getCachedSerializedProjectGraphPromise (C:\Users\Olorunfemi\Desktop\angularProjects\shopperz\node_modules\nx\src\daemon\server\project-graph-incremental-recomputation.js:43:16)
CreateNodesError: Unable to create nodes for apps/shopperz/project.json using plugin nx-core-build-project-json-nodes. 

	 Inner Error: Error: ENOENT: no such file or directory, open 'C:\Users\Olorunfemi\Desktop\angularProjects\shopperz\apps\shopperz\project.json'
    at readFileSync (node:fs:453:20)
    at readJsonFile (C:\Users\Olorunfemi\Desktop\angularProjects\shopperz\node_modules\nx\src\utils\fileutils.js:17:43)
    at exports.CreateProjectJsonProjectsPlugin.createNodes (C:\Users\Olorunfemi\Desktop\angularProjects\shopperz\node_modules\nx\src\plugins\project-json\build-nodes\project-json.js:12:55)
    at buildProjectsConfigurationsFromProjectPathsAndPlugins (C:\Users\Olorunfemi\Desktop\angularProjects\shopperz\node_modules\nx\src\project-graph\utils\project-configuration-utils.js:125:29)
    at createProjectConfigurations (C:\Users\Olorunfemi\Desktop\angularProjects\shopperz\node_modules\nx\src\project-graph\utils\retrieve-workspace-files.js:89:156)
    at _retrieveProjectConfigurations (C:\Users\Olorunfemi\Desktop\angularProjects\shopperz\node_modules\nx\src\project-graph\utils\retrieve-workspace-files.js:61:12)
    at retrieveProjectConfigurations (C:\Users\Olorunfemi\Desktop\angularProjects\shopperz\node_modules\nx\src\project-graph\utils\retrieve-workspace-files.js:46:12)
    at process.processTicksAndRejections (node:internal/process/task_queues:95:5)
    at async processFilesAndCreateAndSerializeProjectGraph (C:\Users\Olorunfemi\Desktop\angularProjects\shopperz\node_modules\nx\src\daemon\server\project-graph-incremental-recomputation.js:140:28)
    at async getCachedSerializedProjectGraphPromise (C:\Users\Olorunfemi\Desktop\angularProjects\shopperz\node_modules\nx\src\daemon\server\project-graph-incremental-recomputation.js:43:16)
    at buildProjectsConfigurationsFromProjectPathsAndPlugins (C:\Users\Olorunfemi\Desktop\angularProjects\shopperz\node_modules\nx\src\project-graph\utils\project-configuration-utils.js:152:27)
    at createProjectConfigurations (C:\Users\Olorunfemi\Desktop\angularProjects\shopperz\node_modules\nx\src\project-graph\utils\retrieve-workspace-files.js:89:156)
    ... 4 lines matching cause stack trace ...
    at async getCachedSerializedProjectGraphPromise (C:\Users\Olorunfemi\Desktop\angularProjects\shopperz\node_modules\nx\src\daemon\server\project-graph-incremental-recomputation.js:43:16)
    at async handleRequestProjectGraph (C:\Users\Olorunfemi\Desktop\angularProjects\shopperz\node_modules\nx\src\daemon\server\handle-request-project-graph.js:12:24)
    at async handleResult (C:\Users\Olorunfemi\Desktop\angularProjects\shopperz\node_modules\nx\src\daemon\server\server.js:110:16)
    at async handleMessage (C:\Users\Olorunfemi\Desktop\angularProjects\shopperz\node_modules\nx\src\daemon\server\server.js:81:9) {
  [cause]: Error: ENOENT: no such file or directory, open 'C:\Users\Olorunfemi\Desktop\angularProjects\shopperz\apps\shopperz\project.json'
      at readFileSync (node:fs:453:20)
      at readJsonFile (C:\Users\Olorunfemi\Desktop\angularProjects\shopperz\node_modules\nx\src\utils\fileutils.js:17:43)
      at exports.CreateProjectJsonProjectsPlugin.createNodes (C:\Users\Olorunfemi\Desktop\angularProjects\shopperz\node_modules\nx\src\plugins\project-json\build-nodes\project-json.js:12:55)
      at buildProjectsConfigurationsFromProjectPathsAndPlugins (C:\Users\Olorunfemi\Desktop\angularProjects\shopperz\node_modules\nx\src\project-graph\utils\project-configuration-utils.js:125:29)
      at createProjectConfigurations (C:\Users\Olorunfemi\Desktop\angularProjects\shopperz\node_modules\nx\src\project-graph\utils\retrieve-workspace-files.js:89:156)
      at _retrieveProjectConfigurations (C:\Users\Olorunfemi\Desktop\angularProjects\shopperz\node_modules\nx\src\project-graph\utils\retrieve-workspace-files.js:61:12)
      at retrieveProjectConfigurations (C:\Users\Olorunfemi\Desktop\angularProjects\shopperz\node_modules\nx\src\project-graph\utils\retrieve-workspace-files.js:46:12)
      at process.processTicksAndRejections (node:internal/process/task_queues:95:5)
      at async processFilesAndCreateAndSerializeProjectGraph (C:\Users\Olorunfemi\Desktop\angularProjects\shopperz\node_modules\nx\src\daemon\server\project-graph-incremental-recomputation.js:140:28)
      at async getCachedSerializedProjectGraphPromise (C:\Users\Olorunfemi\Desktop\angularProjects\shopperz\node_modules\nx\src\daemon\server\project-graph-incremental-recomputation.js:43:16) {
    errno: -4058,
    code: 'ENOENT',
    syscall: 'open',
    path: 'C:\\Users\\Olorunfemi\\Desktop\\angularProjects\\shopperz\\apps\\shopperz\\project.json'
  }
}
[NX Daemon Server] - 2024-01-19T10:29:36.975Z - Time taken for 'hash changed files from watcher' 2.5145000219345093ms
[NX Daemon Server] - 2024-01-19T10:29:36.976Z - Done responding to the client null
